C51 COMPILER V9.60.0.0   PUBLIC                                                            07/04/2022 15:50:03 PAGE 1   


C51 COMPILER V9.60.0.0, COMPILATION OF MODULE PUBLIC
OBJECT MODULE PLACED IN .\Objects\public.obj
COMPILER INVOKED BY: C:\Keil_v5\C51\BIN\C51.EXE PUBLIC\public.c OPTIMIZE(8,SPEED) BROWSE INCDIR(.\PUBLIC;.\ADC;.\AT24C02
                    -;.\I2C;.\OLED;.\SERVO) DEBUG OBJECTEXTEND PRINT(.\Listings\public.lst) TABS(2) OBJECT(.\Objects\public.obj)

line level    source

   1          #include "public.h"
   2          
   3          void delay10us(uint16_t ten_us)
   4          {
   5   1        while(ten_us--);  
   6   1      }
   7          
   8          
   9          void delayms(uint16_t ms)
  10          {
  11   1        uint16_t i,j;
  12   1        for(i=ms;i>0;i--)
  13   1          for(j=110;j>0;j--);
  14   1      }
  15          
  16          
  17          void delay1s(void)   //Îó²î 0us
  18          {
  19   1          uint8_t a,b,c;
  20   1          for(c=167;c>0;c--)
  21   1              for(b=171;b>0;b--)
  22   1                  for(a=16;a>0;a--);
  23   1                 _nop_();  //if Keil,require use intrins.h
  24   1      }
  25          
  26          
  27          


MODULE INFORMATION:   STATIC OVERLAYABLE
   CODE SIZE        =     88    ----
   CONSTANT SIZE    =   ----    ----
   XDATA SIZE       =   ----    ----
   PDATA SIZE       =   ----    ----
   DATA SIZE        =   ----    ----
   IDATA SIZE       =   ----    ----
   BIT SIZE         =   ----    ----
END OF MODULE INFORMATION.


C51 COMPILATION COMPLETE.  0 WARNING(S),  0 ERROR(S)
