C51 COMPILER V9.60.0.0   SERVO                                                             07/04/2022 15:50:03 PAGE 1   


C51 COMPILER V9.60.0.0, COMPILATION OF MODULE SERVO
OBJECT MODULE PLACED IN .\Objects\servo.obj
COMPILER INVOKED BY: C:\Keil_v5\C51\BIN\C51.EXE SERVO\servo.c OPTIMIZE(8,SPEED) BROWSE INCDIR(.\PUBLIC;.\ADC;.\AT24C02;.
                    -\I2C;.\OLED;.\SERVO) DEBUG OBJECTEXTEND PRINT(.\Listings\servo.lst) TABS(2) OBJECT(.\Objects\servo.obj)

line level    source

   1          #include "servo.h"
   2          
   3          /*
   4          对于180°舵机
   5          t = 0.5ms――――――-舵机会转动 0 ° 
   6          t = 1.0ms――――――-舵机会转动 45°
   7          t = 1.5ms――――――-舵机会转动 90°
   8          t = 2.0ms――――――-舵机会转动 135°
   9          t = 2.5ms――――――-舵机会转动180
  10          */
  11          
  12          
  13          
  14          
  15          


MODULE INFORMATION:   STATIC OVERLAYABLE
   CODE SIZE        =   ----    ----
   CONSTANT SIZE    =   ----    ----
   XDATA SIZE       =   ----    ----
   PDATA SIZE       =   ----    ----
   DATA SIZE        =   ----    ----
   IDATA SIZE       =   ----    ----
   BIT SIZE         =   ----    ----
END OF MODULE INFORMATION.


C51 COMPILATION COMPLETE.  0 WARNING(S),  0 ERROR(S)
