C51 COMPILER V9.60.0.0   PUBLIC                                                            04/05/2022 23:40:34 PAGE 1   


C51 COMPILER V9.60.0.0, COMPILATION OF MODULE PUBLIC
OBJECT MODULE PLACED IN .\Objects\public.obj
COMPILER INVOKED BY: C:\Keil_v5\C51\BIN\C51.EXE public\public.c OPTIMIZE(8,SPEED) BROWSE INCDIR(.\public;.\1602;.\key;.\
                    -AD;.\Serial;.\Calculator) DEBUG OBJECTEXTEND PRINT(.\Listings\public.lst) TABS(2) OBJECT(.\Objects\public.obj)

line level    source

   1          #include "public.h"
   2          
   3          
   4          void delay10us(u16 ten_us)
   5          {
   6   1        while(ten_us--);  
   7   1      }
   8          
   9          
  10          void delayms(u16 ms)
  11          {
  12   1        u16 i,j;
  13   1        for(i=ms;i>0;i--)
  14   1          for(j=110;j>0;j--);
  15   1      }
  16          


MODULE INFORMATION:   STATIC OVERLAYABLE
   CODE SIZE        =     41    ----
   CONSTANT SIZE    =   ----    ----
   XDATA SIZE       =   ----    ----
   PDATA SIZE       =   ----    ----
   DATA SIZE        =   ----    ----
   IDATA SIZE       =   ----    ----
   BIT SIZE         =   ----    ----
END OF MODULE INFORMATION.


C51 COMPILATION COMPLETE.  0 WARNING(S),  0 ERROR(S)
