C51 COMPILER V9.60.0.0   MAIN                                                              03/23/2022 00:21:50 PAGE 1   


C51 COMPILER V9.60.0.0, COMPILATION OF MODULE MAIN
OBJECT MODULE PLACED IN .\Objects\main.obj
COMPILER INVOKED BY: C:\Keil_v5\C51\BIN\C51.EXE main.c OPTIMIZE(8,SPEED) BROWSE DEBUG OBJECTEXTEND PRINT(.\Listings\main
                    -.lst) TABS(2) OBJECT(.\Objects\main.obj)

line level    source

   1          /* Created by:               Mag.W
   2          ** Created date:             2022/3/22
   3          ** Version:                  2.0
   4          */
   5          #include <reg52.h>
   6          #define uint unsigned int 
   7          #define uchar unsigned char
   8          unsigned char code table[]={0x3f,0x06,0x5b,0x4f,
   9                                      0x66,0x6d,0x7d,0x07,
  10                                      0x7f,0x6f,0x77,0x7c,
  11                                      0x39,0x5e,0x79,0x71};
  12          unsigned char code led_control[]={0x1c,0x18,0x14,
  13                                            0x10,0x0c,0x08,
  14                                            0x04,0x00};//P2口控制亮那一个灯
  15          sbit key1 = P3 ^ 1;//按键1,作为计数的加
  16          sbit key2 = P3 ^ 0;//按键2，作为计数的减        
  17          sbit key3 = P3 ^ 2;//按键3，作为计数的开始
  18          sbit key4 = P3 ^ 3;//按键4，作为计数的暂停
  19          sbit beep = P1 ^ 5;//蜂鸣器口                                 
  20          uchar cnt;//每20ms计数加一
  21          uchar num=5;//作为定时时间，这里用作两位数
  22          uchar a;//作为计数的十位
  23          uchar b;//作为计数的个位
  24          uchar key_status;//按键状态
  25          int key_scan();
  26          void init(void);                                  
  27          void delayms(uint xms);
  28          void main()
  29          {
  30   1        init();
  31   1        ET0=1;
  32   1        
  33   1        while(1)
  34   1        {
  35   2          
  36   2          switch(key_scan())
  37   2          {
  38   3            case 1:{
  39   4              num+=5;
  40   4              while(key1==0);
  41   4              if(num>=60)num=60;
  42   4            }
  43   3              break;
  44   3            
  45   3            case 2:{
  46   4            num-=5;
  47   4              while(key2==0);
  48   4            if(num<=5)num=5;
  49   4            }
  50   3            break;
  51   3            
  52   3            case 3:
  53   3            {
  54   4              TR0=1;
C51 COMPILER V9.60.0.0   MAIN                                                              03/23/2022 00:21:50 PAGE 2   

  55   4              EA=1;
  56   4              while(key3==0);
  57   4            }
  58   3            break;
  59   3            
  60   3            case 4: 
  61   3              { 
  62   4               TR0=0;
  63   4                while(key4==0);
  64   4            }
  65   3            break;
  66   3            
  67   3            default:break;
  68   3          }
  69   2          a=num/10;
  70   2          b=num%10;
  71   2          
  72   2          P2=led_control[1];
  73   2          P0=0xff;
  74   2          P0=table[a];
  75   2          delayms(1);
  76   2          
  77   2          
  78   2          P2=led_control[2];
  79   2          P0=0xff;
  80   2          P0=table[b];
  81   2          delayms(1);
  82   2          
  83   2          if(num==0)
  84   2          {
  85   3            uint i=1000;
  86   3            TR0=0;
  87   3          
  88   3            for(i;i>0;i--)
  89   3            {
  90   4            beep=!beep;
  91   4            delayms(1);
  92   4            }
  93   3            num=5;
  94   3          }
  95   2        }
  96   1      } 
  97          
  98          int key_scan()
  99          {
 100   1          if(key1==0)
 101   1        {
 102   2          delayms(10);//延时消抖
 103   2          if(key1==0)
 104   2          {
 105   3            key_status=1;
 106   3            return 1;
 107   3            while(!key1);//等待按键松开
 108   3          }
 109   2        }
 110   1        
 111   1        else if(key2==0)
 112   1        {
 113   2          delayms(10);
 114   2          if(key2==0)
 115   2          {
 116   3            key_status=2;
C51 COMPILER V9.60.0.0   MAIN                                                              03/23/2022 00:21:50 PAGE 3   

 117   3            return 2;
 118   3            while(!key2);
 119   3          }
 120   2        }
 121   1        
 122   1        else if(key3==0)
 123   1        {
 124   2          delayms(10);
 125   2          if(key3==0)
 126   2          {
 127   3            key_status=3;
 128   3            return 3;
 129   3            while(!key3);
 130   3          }
 131   2          
 132   2          else if(key4==0)
 133   2        {
 134   3          delayms(10);
 135   3          if(key4==0)
 136   3          {
 137   4            key_status=4;
 138   4            return 4;
 139   4            while(!key4);
 140   4          }
 141   3      } 
 142   2      }
 143   1        }
 144          void init()
 145          {
 146   1        TMOD=0x01;
 147   1        TH0=(65536-45872)/256;
 148   1        TL0=(65536-45872)%256;
 149   1      }
 150          
 151          void T0_time() interrupt 1
 152          {
 153   1        TH0=(65536-45872)/256;
 154   1        TL0=(65536-45872)%256;
 155   1        cnt++;
 156   1        if(cnt==20)//每50ms*20中断一次
 157   1        {
 158   2          cnt=0;//计数清零
 159   2          num--;
 160   2        }
 161   1          
 162   1      }
 163          
 164          void delayms(uint xms)
 165          {
 166   1        uint i,j;
 167   1        for(i=xms;i>0;i--)
 168   1          for(j=110;j>0;j--);
 169   1      }                                 
*** WARNING C291 IN LINE 143 OF main.c: not every exit path returns a value


MODULE INFORMATION:   STATIC OVERLAYABLE
   CODE SIZE        =    340    ----
   CONSTANT SIZE    =     24    ----
   XDATA SIZE       =   ----    ----
   PDATA SIZE       =   ----    ----
   DATA SIZE        =      5       2
C51 COMPILER V9.60.0.0   MAIN                                                              03/23/2022 00:21:50 PAGE 4   

   IDATA SIZE       =   ----    ----
   BIT SIZE         =   ----    ----
END OF MODULE INFORMATION.


C51 COMPILATION COMPLETE.  1 WARNING(S),  0 ERROR(S)
